Using pre-set license
Built from '2021.1/staging' branch; Version is '2021.1.19f1 (5f5eb8bbdc25) revision 6250168'; Using compiler version '192528614'; Build Type 'Release'
OS: 'Windows 10 Home China; OS build 19043.1288; Version 2009; 64bit' Language: 'zh' Physical Memory: 16234 MB
BatchMode: 1, IsHumanControllingUs: 0, StartBugReporterOnCrash: 0, Is64bit: 1, IsPro: 0

COMMAND LINE ARGUMENTS:
D:\Program Files (x86)\2021.1.19f1\Editor\Unity.exe
-adb2
-batchMode
-noUpm
-name
AssetImportWorker0
-projectPath
D:/Bing Xin Ru/文档/GitHub/The-Mission
-logFile
Logs/AssetImportWorker0.log
-srvPort
50232
Successfully changed project path to: D:/Bing Xin Ru/文档/GitHub/The-Mission
D:/Bing Xin Ru/文档/GitHub/The-Mission
Using Asset Import Pipeline V2.
Refreshing native plugins compatible for Editor in 124.12 ms, found 4 plugins.
Preloading 0 native plugins for Editor in 0.00 ms.
Initialize engine version: 2021.1.19f1 (5f5eb8bbdc25)
[Subsystems] Discovering subsystems at path D:/Program Files (x86)/2021.1.19f1/Editor/Data/Resources/UnitySubsystems
[Subsystems] Discovering subsystems at path D:/Bing Xin Ru/文档/GitHub/The-Mission/Assets
GfxDevice: creating device client; threaded=0; jobified=0
Direct3D:
    Version:  Direct3D 11.0 [level 11.1]
    Renderer: NVIDIA GeForce GTX 1050 (ID=0x1c8d)
    Vendor:   NVIDIA
    VRAM:     4021 MB
    Driver:   26.21.14.4193
Initialize mono
Mono path[0] = 'D:/Program Files (x86)/2021.1.19f1/Editor/Data/Managed'
Mono path[1] = 'D:/Program Files (x86)/2021.1.19f1/Editor/Data/MonoBleedingEdge/lib/mono/unityjit'
Mono config path = 'D:/Program Files (x86)/2021.1.19f1/Editor/Data/MonoBleedingEdge/etc'
Using monoOptions --debugger-agent=transport=dt_socket,embedding=1,server=y,suspend=n,address=127.0.0.1:56816
Begin MonoManager ReloadAssembly
Registering precompiled unity dll's ...
Register platform support module: D:/Program Files (x86)/2021.1.19f1/Editor/Data/PlaybackEngines/WebGLSupport/UnityEditor.WebGL.Extensions.dll
Register platform support module: D:/Program Files (x86)/2021.1.19f1/Editor/Data/PlaybackEngines/WindowsStandaloneSupport/UnityEditor.WindowsStandalone.Extensions.dll
Registered in 0.001712 seconds.
Native extension for WindowsStandalone target not found
Native extension for WebGL target not found
Refreshing native plugins compatible for Editor in 120.70 ms, found 4 plugins.
Preloading 0 native plugins for Editor in 0.00 ms.
Mono: successfully reloaded assembly
- Completed reload, in  2.586 seconds
Domain Reload Profiling:
	ReloadAssembly (2586ms)
		BeginReloadAssembly (86ms)
			ExecutionOrderSort (0ms)
			DisableScriptedObjects (0ms)
			BackupInstance (0ms)
			ReleaseScriptingObjects (0ms)
			CreateAndSetChildDomain (1ms)
		EndReloadAssembly (553ms)
			LoadAssemblies (86ms)
			RebuildTransferFunctionScriptingTraits (0ms)
			SetupTypeCache (186ms)
			ReleaseScriptCaches (0ms)
			RebuildScriptCaches (40ms)
			SetupLoadedEditorAssemblies (278ms)
				LogAssemblyErrors (0ms)
				InitializePlatformSupportModulesInManaged (7ms)
				SetLoadedEditorAssemblies (0ms)
				RefreshPlugins (121ms)
				BeforeProcessingInitializeOnLoad (1ms)
				ProcessInitializeOnLoadAttributes (114ms)
				ProcessInitializeOnLoadMethodAttributes (34ms)
				AfterProcessingInitializeOnLoad (0ms)
				EditorAssembliesLoaded (0ms)
			ExecutionOrderSort2 (0ms)
			AwakeInstancesAfterBackupRestoration (0ms)
Platform modules already initialized, skipping
Registering precompiled user dll's ...
Registered in 0.006222 seconds.
Begin MonoManager ReloadAssembly
Symbol file LoadedFromMemory doesn't match image D:\Bing Xin Ru\文档\GitHub\The-Mission\Library\PackageCache\com.unity.visualscripting@1.6.1\Editor\VisualScripting.Core\Dependencies\YamlDotNet\Unity.VisualScripting.YamlDotNet.dll
Symbol file LoadedFromMemory doesn't match image D:\Bing Xin Ru\文档\GitHub\The-Mission\Library\PackageCache\com.unity.visualscripting@1.6.1\Editor\VisualScripting.Core\Dependencies\DotNetZip\Unity.VisualScripting.IonicZip.dll
Native extension for WindowsStandalone target not found
Native extension for WebGL target not found
Refreshing native plugins compatible for Editor in 129.17 ms, found 4 plugins.
Preloading 0 native plugins for Editor in 0.00 ms.
Mono: successfully reloaded assembly
- Completed reload, in  2.097 seconds
Domain Reload Profiling:
	ReloadAssembly (2098ms)
		BeginReloadAssembly (196ms)
			ExecutionOrderSort (0ms)
			DisableScriptedObjects (5ms)
			BackupInstance (0ms)
			ReleaseScriptingObjects (0ms)
			CreateAndSetChildDomain (24ms)
		EndReloadAssembly (1844ms)
			LoadAssemblies (785ms)
			RebuildTransferFunctionScriptingTraits (0ms)
			SetupTypeCache (412ms)
			ReleaseScriptCaches (1ms)
			RebuildScriptCaches (59ms)
			SetupLoadedEditorAssemblies (504ms)
				LogAssemblyErrors (0ms)
				InitializePlatformSupportModulesInManaged (5ms)
				SetLoadedEditorAssemblies (0ms)
				RefreshPlugins (129ms)
				BeforeProcessingInitializeOnLoad (93ms)
				ProcessInitializeOnLoadAttributes (256ms)
				ProcessInitializeOnLoadMethodAttributes (19ms)
				AfterProcessingInitializeOnLoad (3ms)
				EditorAssembliesLoaded (0ms)
			ExecutionOrderSort2 (0ms)
			AwakeInstancesAfterBackupRestoration (7ms)
Platform modules already initialized, skipping
========================================================================
Worker process is ready to serve import requests
Launched and connected shader compiler UnityShaderCompiler.exe after 0.19 seconds
Refreshing native plugins compatible for Editor in 0.81 ms, found 4 plugins.
Preloading 0 native plugins for Editor in 0.00 ms.
Unloading 3701 Unused Serialized files (Serialized files now loaded: 0)
System memory in use before: 141.1 MB.
System memory in use after: 141.3 MB.

Unloading 30 unused Assets to reduce memory usage. Loaded Objects now: 4152.
Total: 4.620800 ms (FindLiveObjects: 0.470000 ms CreateObjectMapping: 0.178300 ms MarkObjects: 3.848600 ms  DeleteObjects: 0.122600 ms)

AssetImportParameters requested are different than current active one (requested -> active):
  custom:framework-win-MediaFoundation: 216162199b28c13a410421893ffa2e32 -> 
  custom:video-decoder-ogg-theora: a1e56fd34408186e4bbccfd4996cb3dc -> 
  custom:container-muxer-webm: aa71ff27fc2769a1b78a27578f13a17b -> 
  custom:container-demuxer-webm: 4f35f7cbe854078d1ac9338744f61a02 -> 
  custom:container-demuxer-ogg: 62fdf1f143b41e24485cea50d1cbac27 -> 
  custom:video-encoder-webm-vp8: eb34c28f22e8b96e1ab97ce403110664 -> 
  custom:video-codec-MediaFoundation-h265: 746d11721c4dcdbdad8f713fa42b33f4 -> 
  custom:video-decoder-webm-vp8: 9c59270c3fd7afecdb556c50c9e8de78 -> 
  custom:audio-decoder-ogg-vorbis: bf7c407c2cedff20999df2af8eb42d56 -> 
  custom:audio-encoder-webm-vorbis: bf7c407c2cedff20999df2af8eb42d56 -> 
========================================================================
Received Import Request.
  path: Assets/Tiles/ceilingCtl.asset
  artifactKey: Guid(b3edcbd288b1e3f48bee3a3d1475f02e) Importer(815301076,1909f56bfc062723c751e8b465ee728b)
Start importing Assets/Tiles/ceilingCtl.asset using Guid(b3edcbd288b1e3f48bee3a3d1475f02e) Importer(815301076,1909f56bfc062723c751e8b465ee728b)  -> (artifact id: '6b93ff4b0b2e373552d3f69ce054ed9d') in 0.242142 seconds 
========================================================================
Received Import Request.
  Time since last request: 0.000715 seconds.
  path: Assets/Tiles/ceiling.asset
  artifactKey: Guid(39f07092433e0f24d9ef787ac2d90b00) Importer(815301076,1909f56bfc062723c751e8b465ee728b)
Start importing Assets/Tiles/ceiling.asset using Guid(39f07092433e0f24d9ef787ac2d90b00) Importer(815301076,1909f56bfc062723c751e8b465ee728b)  -> (artifact id: '7f61635aab717b6cf42df0febd3af478') in 0.011068 seconds 
========================================================================
Received Import Request.
  Time since last request: 0.000360 seconds.
  path: Assets/Tiles/ceilingVr.asset
  artifactKey: Guid(7f1c1b4f50de5ed4db4f37887bf37422) Importer(815301076,1909f56bfc062723c751e8b465ee728b)
Start importing Assets/Tiles/ceilingVr.asset using Guid(7f1c1b4f50de5ed4db4f37887bf37422) Importer(815301076,1909f56bfc062723c751e8b465ee728b)  -> (artifact id: '96c919a96f2d09251623db9521872789') in 0.020113 seconds 
========================================================================
Received Import Request.
  Time since last request: 0.000645 seconds.
  path: Assets/Tiles/ceilingH.asset
  artifactKey: Guid(3f84ea14df3ccde488c49323a0bfda71) Importer(815301076,1909f56bfc062723c751e8b465ee728b)
Start importing Assets/Tiles/ceilingH.asset using Guid(3f84ea14df3ccde488c49323a0bfda71) Importer(815301076,1909f56bfc062723c751e8b465ee728b)  -> (artifact id: '5c9e0c4dac27993c0acdd98f5ac0f2e9') in 0.023715 seconds 
========================================================================
Received Import Request.
  Time since last request: 0.000329 seconds.
  path: Assets/Tiles/sidewallB.asset
  artifactKey: Guid(cb833a37d5010594089b0fe0b69be290) Importer(815301076,1909f56bfc062723c751e8b465ee728b)
Start importing Assets/Tiles/sidewallB.asset using Guid(cb833a37d5010594089b0fe0b69be290) Importer(815301076,1909f56bfc062723c751e8b465ee728b)  -> (artifact id: '92709677ceea21ab9d9680d5e47931c9') in 0.016520 seconds 
========================================================================
Received Import Request.
  Time since last request: 0.000340 seconds.
  path: Assets/Tiles/ceilingB.asset
  artifactKey: Guid(0e89b38037cffc245851059f92213e33) Importer(815301076,1909f56bfc062723c751e8b465ee728b)
Start importing Assets/Tiles/ceilingB.asset using Guid(0e89b38037cffc245851059f92213e33) Importer(815301076,1909f56bfc062723c751e8b465ee728b)  -> (artifact id: '1e0f24887b5b21a42cafe80042c63e73') in 0.015617 seconds 
========================================================================
Received Import Request.
  Time since last request: 0.000513 seconds.
  path: Assets/Tiles/sidewall.prefab
  artifactKey: Guid(88c7cc9cfeb45d54ca46f2ca76a89c00) Importer(815301076,1909f56bfc062723c751e8b465ee728b)
Start importing Assets/Tiles/sidewall.prefab using Guid(88c7cc9cfeb45d54ca46f2ca76a89c00) Importer(815301076,1909f56bfc062723c751e8b465ee728b)  -> (artifact id: '5598b014a6c149a73512eeefbae435f9') in 0.125867 seconds 
========================================================================
Received Import Request.
  Time since last request: 0.000337 seconds.
  path: Assets/Tiles/ceilingCbl.asset
  artifactKey: Guid(24f367e7de753d34988d6a5be1d98d5b) Importer(815301076,1909f56bfc062723c751e8b465ee728b)
Start importing Assets/Tiles/ceilingCbl.asset using Guid(24f367e7de753d34988d6a5be1d98d5b) Importer(815301076,1909f56bfc062723c751e8b465ee728b)  -> (artifact id: '753c360318b5647e5fa71088eebab68f') in 0.012904 seconds 
========================================================================
Received Import Request.
  Time since last request: 0.000248 seconds.
  path: Assets/Tiles/Ceiling.prefab
  artifactKey: Guid(fcb779b7e053efd4b9b276ac411aa414) Importer(815301076,1909f56bfc062723c751e8b465ee728b)
Start importing Assets/Tiles/Ceiling.prefab using Guid(fcb779b7e053efd4b9b276ac411aa414) Importer(815301076,1909f56bfc062723c751e8b465ee728b)  -> (artifact id: 'b6ab804a658fe311e647453c25f624bd') in 0.030725 seconds 
========================================================================
Received Import Request.
  Time since last request: 0.000340 seconds.
  path: Assets/Tiles/ceilingCbr.asset
  artifactKey: Guid(73225cd6efff2f44aac3c3e8d7e2c718) Importer(815301076,1909f56bfc062723c751e8b465ee728b)
Start importing Assets/Tiles/ceilingCbr.asset using Guid(73225cd6efff2f44aac3c3e8d7e2c718) Importer(815301076,1909f56bfc062723c751e8b465ee728b)  -> (artifact id: 'db165514f905269118c13396558dfeaf') in 0.013111 seconds 
========================================================================
Received Import Request.
  Time since last request: 0.000388 seconds.
  path: Assets/Tiles/ceilingCtr.asset
  artifactKey: Guid(061d3371a8f10c8468071555ea1bf18a) Importer(815301076,1909f56bfc062723c751e8b465ee728b)
Start importing Assets/Tiles/ceilingCtr.asset using Guid(061d3371a8f10c8468071555ea1bf18a) Importer(815301076,1909f56bfc062723c751e8b465ee728b)  -> (artifact id: 'f2d7a268e4cbba7d5cbb8082f831cf01') in 0.012639 seconds 
========================================================================
Received Import Request.
  Time since last request: 0.000376 seconds.
  path: Assets/Tiles/ceilingVl.asset
  artifactKey: Guid(06553583d9825bf4188de6e6777ffc2b) Importer(815301076,1909f56bfc062723c751e8b465ee728b)
Start importing Assets/Tiles/ceilingVl.asset using Guid(06553583d9825bf4188de6e6777ffc2b) Importer(815301076,1909f56bfc062723c751e8b465ee728b)  -> (artifact id: '1ee583d2e2996070d52f649066ce9bb1') in 0.012137 seconds 
========================================================================
Received Import Request.
  Time since last request: 0.000485 seconds.
  path: Assets/Tiles/sidewall.asset
  artifactKey: Guid(060ff8ab09f1c53478f0e539e016990e) Importer(815301076,1909f56bfc062723c751e8b465ee728b)
Start importing Assets/Tiles/sidewall.asset using Guid(060ff8ab09f1c53478f0e539e016990e) Importer(815301076,1909f56bfc062723c751e8b465ee728b)  -> (artifact id: '80ed4c65c900135ea1b1a50794c6cf50') in 0.010618 seconds 
========================================================================
Received Import Request.
  Time since last request: 28136.229921 seconds.
  path: Assets/Mission Sprits/4ddfd2a4-cbf0-4141-9cb8-fbe0d9b80f96.png
  artifactKey: Guid(af3194699a7716f488d9445bbac22bd0) Importer(815301076,1909f56bfc062723c751e8b465ee728b)
Start importing Assets/Mission Sprits/4ddfd2a4-cbf0-4141-9cb8-fbe0d9b80f96.png using Guid(af3194699a7716f488d9445bbac22bd0) Importer(815301076,1909f56bfc062723c751e8b465ee728b)  -> (artifact id: 'f51a2d85228418bac91850ee08e44d8d') in 4.764444 seconds 
========================================================================
Received Import Request.
  Time since last request: 0.000522 seconds.
  path: Assets/Mission Sprits/f4713d30-de79-47f9-9ef6-cf3603ed752c.png
  artifactKey: Guid(fcc6ca5eaaea2c942989be80f12085cb) Importer(815301076,1909f56bfc062723c751e8b465ee728b)
Start importing Assets/Mission Sprits/f4713d30-de79-47f9-9ef6-cf3603ed752c.png using Guid(fcc6ca5eaaea2c942989be80f12085cb) Importer(815301076,1909f56bfc062723c751e8b465ee728b)  -> (artifact id: 'c896e0f85963bd943c74fcaafcd57a39') in 0.057023 seconds 
========================================================================
Received Import Request.
  Time since last request: 102.466302 seconds.
  path: Assets/Mission Sprits/spider.png
  artifactKey: Guid(26bb6efa17d193c4fb4650bb26228dde) Importer(815301076,1909f56bfc062723c751e8b465ee728b)
Start importing Assets/Mission Sprits/spider.png using Guid(26bb6efa17d193c4fb4650bb26228dde) Importer(815301076,1909f56bfc062723c751e8b465ee728b)  -> (artifact id: 'b474464c29fa9382fb669b47eca63ea7') in 0.151805 seconds 
========================================================================
Received Import Request.
  Time since last request: 30.418253 seconds.
  path: Assets/Mission Sprits/spider.png
  artifactKey: Guid(26bb6efa17d193c4fb4650bb26228dde) Importer(815301076,1909f56bfc062723c751e8b465ee728b)
Start importing Assets/Mission Sprits/spider.png using Guid(26bb6efa17d193c4fb4650bb26228dde) Importer(815301076,1909f56bfc062723c751e8b465ee728b)  -> (artifact id: '7c2477bae65d33725c90a6937094beff') in 0.059939 seconds 
========================================================================
Received Import Request.
  Time since last request: 280.950340 seconds.
  path: Assets/Mission Sprits/spider.png
  artifactKey: Guid(26bb6efa17d193c4fb4650bb26228dde) Importer(815301076,1909f56bfc062723c751e8b465ee728b)
Start importing Assets/Mission Sprits/spider.png using Guid(26bb6efa17d193c4fb4650bb26228dde) Importer(815301076,1909f56bfc062723c751e8b465ee728b)  -> (artifact id: '9ec71aca159f6263fe2e0c1c17f338b1') in 0.199427 seconds 
========================================================================
Received Import Request.
  Time since last request: 37.793200 seconds.
  path: Packages/com.unity.2d.sprite/Editor/ObjectMenuCreation/DefaultAssets/Textures/v2/Square.png
  artifactKey: Guid(311925a002f4447b3a28927169b83ea6) Importer(815301076,1909f56bfc062723c751e8b465ee728b)
Start importing Packages/com.unity.2d.sprite/Editor/ObjectMenuCreation/DefaultAssets/Textures/v2/Square.png using Guid(311925a002f4447b3a28927169b83ea6) Importer(815301076,1909f56bfc062723c751e8b465ee728b)  -> (artifact id: 'c5882d4de5e9c90454f5ee343306d70b') in 0.288289 seconds 
========================================================================
Received Import Request.
  Time since last request: 0.000361 seconds.
  path: Packages/com.unity.2d.sprite/Editor/ObjectMenuCreation/DefaultAssets/Textures/Square.png
  artifactKey: Guid(48e93eef0688c4a259cb0eddcd8661f7) Importer(815301076,1909f56bfc062723c751e8b465ee728b)
Start importing Packages/com.unity.2d.sprite/Editor/ObjectMenuCreation/DefaultAssets/Textures/Square.png using Guid(48e93eef0688c4a259cb0eddcd8661f7) Importer(815301076,1909f56bfc062723c751e8b465ee728b)  -> (artifact id: '62614d22eed42d479a9a442acfacc589') in 0.112489 seconds 
========================================================================
Received Import Request.
  Time since last request: 0.000871 seconds.
  path: Packages/com.unity.2d.sprite/Editor/ObjectMenuCreation/DefaultAssets/Textures/SquareWithBorder.png
  artifactKey: Guid(db750325989564987a34393247d883b4) Importer(815301076,1909f56bfc062723c751e8b465ee728b)
Start importing Packages/com.unity.2d.sprite/Editor/ObjectMenuCreation/DefaultAssets/Textures/SquareWithBorder.png using Guid(db750325989564987a34393247d883b4) Importer(815301076,1909f56bfc062723c751e8b465ee728b)  -> (artifact id: '4a35311c62def1ec48c7127a7450811f') in 0.275720 seconds 
========================================================================
Received Prepare
Registering precompiled user dll's ...
Registered in 0.243187 seconds.
Begin MonoManager ReloadAssembly
Symbol file LoadedFromMemory doesn't match image D:\Bing Xin Ru\文档\GitHub\The-Mission\Library\PackageCache\com.unity.visualscripting@1.6.1\Editor\VisualScripting.Core\Dependencies\YamlDotNet\Unity.VisualScripting.YamlDotNet.dll
Symbol file LoadedFromMemory doesn't match image D:\Bing Xin Ru\文档\GitHub\The-Mission\Library\PackageCache\com.unity.visualscripting@1.6.1\Editor\VisualScripting.Core\Dependencies\DotNetZip\Unity.VisualScripting.IonicZip.dll
Native extension for WindowsStandalone target not found
Native extension for WebGL target not found
Refreshing native plugins compatible for Editor in 0.90 ms, found 4 plugins.
Preloading 0 native plugins for Editor in 0.00 ms.
Mono: successfully reloaded assembly
- Completed reload, in  6.779 seconds
Domain Reload Profiling:
	ReloadAssembly (6780ms)
		BeginReloadAssembly (5260ms)
			ExecutionOrderSort (0ms)
			DisableScriptedObjects (530ms)
			BackupInstance (0ms)
			ReleaseScriptingObjects (0ms)
			CreateAndSetChildDomain (2206ms)
		EndReloadAssembly (1454ms)
			LoadAssemblies (1817ms)
			RebuildTransferFunctionScriptingTraits (0ms)
			SetupTypeCache (702ms)
			ReleaseScriptCaches (1ms)
			RebuildScriptCaches (49ms)
			SetupLoadedEditorAssemblies (393ms)
				LogAssemblyErrors (0ms)
				InitializePlatformSupportModulesInManaged (6ms)
				SetLoadedEditorAssemblies (29ms)
				RefreshPlugins (1ms)
				BeforeProcessingInitializeOnLoad (69ms)
				ProcessInitializeOnLoadAttributes (275ms)
				ProcessInitializeOnLoadMethodAttributes (9ms)
				AfterProcessingInitializeOnLoad (3ms)
				EditorAssembliesLoaded (0ms)
			ExecutionOrderSort2 (0ms)
			AwakeInstancesAfterBackupRestoration (21ms)
Platform modules already initialized, skipping
Refreshing native plugins compatible for Editor in 1.03 ms, found 4 plugins.
Preloading 0 native plugins for Editor in 0.00 ms.
Unloading 3683 Unused Serialized files (Serialized files now loaded: 0)
System memory in use before: 147.0 MB.
System memory in use after: 147.3 MB.

Unloading 18 unused Assets to reduce memory usage. Loaded Objects now: 4292.
Total: 4.085700 ms (FindLiveObjects: 0.302100 ms CreateObjectMapping: 0.225200 ms MarkObjects: 3.508400 ms  DeleteObjects: 0.049300 ms)

AssetImportParameters requested are different than current active one (requested -> active):
  custom:framework-win-MediaFoundation: 216162199b28c13a410421893ffa2e32 -> 
  custom:video-decoder-ogg-theora: a1e56fd34408186e4bbccfd4996cb3dc -> 
  custom:container-muxer-webm: aa71ff27fc2769a1b78a27578f13a17b -> 
  custom:container-demuxer-webm: 4f35f7cbe854078d1ac9338744f61a02 -> 
  custom:container-demuxer-ogg: 62fdf1f143b41e24485cea50d1cbac27 -> 
  custom:video-encoder-webm-vp8: eb34c28f22e8b96e1ab97ce403110664 -> 
  custom:video-codec-MediaFoundation-h265: 746d11721c4dcdbdad8f713fa42b33f4 -> 
  custom:video-decoder-webm-vp8: 9c59270c3fd7afecdb556c50c9e8de78 -> 
  custom:audio-decoder-ogg-vorbis: bf7c407c2cedff20999df2af8eb42d56 -> 
  custom:audio-encoder-webm-vorbis: bf7c407c2cedff20999df2af8eb42d56 -> 
AssetImportWorkerClient::OnTransportError - code=2 error=End of file
